mode: set
com.github.yveskaufmann/hue-lighter/internal/hue_client/api_key.go:26.69,31.2 1 0
com.github.yveskaufmann/hue-lighter/internal/hue_client/api_key.go:33.68,35.13 2 0
com.github.yveskaufmann/hue-lighter/internal/hue_client/api_key.go:35.13,38.3 2 0
com.github.yveskaufmann/hue-lighter/internal/hue_client/api_key.go:39.2,39.20 1 0
com.github.yveskaufmann/hue-lighter/internal/hue_client/api_key.go:42.73,46.2 3 0
com.github.yveskaufmann/hue-lighter/internal/hue_client/api_key.go:48.61,53.2 3 0
com.github.yveskaufmann/hue-lighter/internal/hue_client/api_key.go:63.87,79.37 4 0
com.github.yveskaufmann/hue-lighter/internal/hue_client/api_key.go:79.37,81.3 1 0
com.github.yveskaufmann/hue-lighter/internal/hue_client/api_key.go:83.2,83.19 1 0
com.github.yveskaufmann/hue-lighter/internal/hue_client/api_key.go:87.40,89.57 1 0
com.github.yveskaufmann/hue-lighter/internal/hue_client/api_key.go:89.57,95.3 2 0
com.github.yveskaufmann/hue-lighter/internal/hue_client/api_key.go:97.2,98.16 2 0
com.github.yveskaufmann/hue-lighter/internal/hue_client/api_key.go:98.16,99.25 1 0
com.github.yveskaufmann/hue-lighter/internal/hue_client/api_key.go:99.25,101.4 1 0
com.github.yveskaufmann/hue-lighter/internal/hue_client/api_key.go:102.3,102.13 1 0
com.github.yveskaufmann/hue-lighter/internal/hue_client/api_key.go:105.2,108.54 3 0
com.github.yveskaufmann/hue-lighter/internal/hue_client/api_key.go:108.54,110.3 1 0
com.github.yveskaufmann/hue-lighter/internal/hue_client/api_key.go:112.2,114.12 3 0
com.github.yveskaufmann/hue-lighter/internal/hue_client/api_key.go:118.40,121.51 2 0
com.github.yveskaufmann/hue-lighter/internal/hue_client/api_key.go:121.51,123.3 1 0
com.github.yveskaufmann/hue-lighter/internal/hue_client/api_key.go:125.2,126.16 2 0
com.github.yveskaufmann/hue-lighter/internal/hue_client/api_key.go:126.16,128.3 1 0
com.github.yveskaufmann/hue-lighter/internal/hue_client/api_key.go:129.2,132.53 3 0
com.github.yveskaufmann/hue-lighter/internal/hue_client/api_key.go:132.53,134.3 1 0
com.github.yveskaufmann/hue-lighter/internal/hue_client/api_key.go:136.2,138.12 2 0
com.github.yveskaufmann/hue-lighter/internal/hue_client/api_key.go:141.64,142.33 1 0
com.github.yveskaufmann/hue-lighter/internal/hue_client/api_key.go:142.33,144.3 1 0
com.github.yveskaufmann/hue-lighter/internal/hue_client/api_key.go:146.2,146.30 1 0
com.github.yveskaufmann/hue-lighter/internal/hue_client/api_key.go:149.69,150.33 1 0
com.github.yveskaufmann/hue-lighter/internal/hue_client/api_key.go:150.33,152.3 1 0
com.github.yveskaufmann/hue-lighter/internal/hue_client/api_key.go:154.2,154.54 1 0
com.github.yveskaufmann/hue-lighter/internal/hue_client/api_key.go:154.54,156.3 1 0
com.github.yveskaufmann/hue-lighter/internal/hue_client/api_key.go:157.2,157.17 1 0
com.github.yveskaufmann/hue-lighter/internal/hue_client/api_key.go:160.57,161.33 1 0
com.github.yveskaufmann/hue-lighter/internal/hue_client/api_key.go:161.33,163.3 1 0
com.github.yveskaufmann/hue-lighter/internal/hue_client/api_key.go:165.2,165.49 1 0
com.github.yveskaufmann/hue-lighter/internal/hue_client/api_key.go:165.49,167.3 1 0
com.github.yveskaufmann/hue-lighter/internal/hue_client/api_key.go:168.2,168.17 1 0
com.github.yveskaufmann/hue-lighter/internal/hue_client/api_key_factory.go:10.61,15.24 2 0
com.github.yveskaufmann/hue-lighter/internal/hue_client/api_key_factory.go:15.24,17.3 1 0
com.github.yveskaufmann/hue-lighter/internal/hue_client/api_key_factory.go:19.2,20.16 2 0
com.github.yveskaufmann/hue-lighter/internal/hue_client/api_key_factory.go:20.16,22.3 1 0
com.github.yveskaufmann/hue-lighter/internal/hue_client/api_key_factory.go:24.2,24.25 1 0
com.github.yveskaufmann/hue-lighter/internal/hue_client/client.go:24.151,29.16 3 1
com.github.yveskaufmann/hue-lighter/internal/hue_client/client.go:29.16,31.3 1 1
com.github.yveskaufmann/hue-lighter/internal/hue_client/client.go:33.2,40.8 1 0
com.github.yveskaufmann/hue-lighter/internal/hue_client/client.go:43.109,46.20 2 1
com.github.yveskaufmann/hue-lighter/internal/hue_client/client.go:46.20,49.49 3 1
com.github.yveskaufmann/hue-lighter/internal/hue_client/client.go:49.49,51.4 1 0
com.github.yveskaufmann/hue-lighter/internal/hue_client/client.go:52.3,54.56 2 1
com.github.yveskaufmann/hue-lighter/internal/hue_client/client.go:57.2,57.51 1 1
com.github.yveskaufmann/hue-lighter/internal/hue_client/client.go:57.51,59.3 1 0
com.github.yveskaufmann/hue-lighter/internal/hue_client/client.go:60.2,65.16 4 1
com.github.yveskaufmann/hue-lighter/internal/hue_client/client.go:65.16,67.3 1 0
com.github.yveskaufmann/hue-lighter/internal/hue_client/client.go:69.2,70.71 2 1
com.github.yveskaufmann/hue-lighter/internal/hue_client/client.go:70.71,72.3 1 0
com.github.yveskaufmann/hue-lighter/internal/hue_client/client.go:74.2,74.17 1 1
com.github.yveskaufmann/hue-lighter/internal/hue_client/client.go:74.17,76.17 2 1
com.github.yveskaufmann/hue-lighter/internal/hue_client/client.go:76.17,77.40 1 0
com.github.yveskaufmann/hue-lighter/internal/hue_client/client.go:77.40,79.5 1 0
com.github.yveskaufmann/hue-lighter/internal/hue_client/client.go:80.4,80.86 1 0
com.github.yveskaufmann/hue-lighter/internal/hue_client/client.go:82.3,82.48 1 1
com.github.yveskaufmann/hue-lighter/internal/hue_client/client.go:84.2,87.16 3 1
com.github.yveskaufmann/hue-lighter/internal/hue_client/client.go:87.16,89.3 1 0
com.github.yveskaufmann/hue-lighter/internal/hue_client/client.go:91.2,91.61 1 1
com.github.yveskaufmann/hue-lighter/internal/hue_client/client.go:91.61,96.17 3 1
com.github.yveskaufmann/hue-lighter/internal/hue_client/client.go:96.17,98.4 1 0
com.github.yveskaufmann/hue-lighter/internal/hue_client/client.go:100.3,100.100 1 1
com.github.yveskaufmann/hue-lighter/internal/hue_client/client.go:103.2,106.54 3 1
com.github.yveskaufmann/hue-lighter/internal/hue_client/client.go:106.54,108.3 1 0
com.github.yveskaufmann/hue-lighter/internal/hue_client/client.go:110.2,110.12 1 1
com.github.yveskaufmann/hue-lighter/internal/hue_client/client.go:113.36,115.2 1 0
com.github.yveskaufmann/hue-lighter/internal/hue_client/client.go:117.38,119.2 1 0
com.github.yveskaufmann/hue-lighter/internal/hue_client/discovery.go:43.75,47.2 1 1
com.github.yveskaufmann/hue-lighter/internal/hue_client/discovery.go:50.100,52.16 2 0
com.github.yveskaufmann/hue-lighter/internal/hue_client/discovery.go:52.16,54.3 1 0
com.github.yveskaufmann/hue-lighter/internal/hue_client/discovery.go:56.2,56.23 1 0
com.github.yveskaufmann/hue-lighter/internal/hue_client/discovery.go:56.23,58.3 1 0
com.github.yveskaufmann/hue-lighter/internal/hue_client/discovery.go:60.2,60.24 1 0
com.github.yveskaufmann/hue-lighter/internal/hue_client/discovery.go:63.81,65.16 2 0
com.github.yveskaufmann/hue-lighter/internal/hue_client/discovery.go:65.16,68.3 1 0
com.github.yveskaufmann/hue-lighter/internal/hue_client/discovery.go:70.2,70.20 1 0
com.github.yveskaufmann/hue-lighter/internal/hue_client/discovery.go:70.20,72.3 1 0
com.github.yveskaufmann/hue-lighter/internal/hue_client/discovery.go:74.2,75.16 2 0
com.github.yveskaufmann/hue-lighter/internal/hue_client/discovery.go:75.16,77.3 1 0
com.github.yveskaufmann/hue-lighter/internal/hue_client/discovery.go:79.2,83.9 1 0
com.github.yveskaufmann/hue-lighter/internal/hue_client/discovery.go:86.72,92.37 4 0
com.github.yveskaufmann/hue-lighter/internal/hue_client/discovery.go:92.37,94.3 1 0
com.github.yveskaufmann/hue-lighter/internal/hue_client/discovery.go:96.2,96.37 1 0
com.github.yveskaufmann/hue-lighter/internal/hue_client/discovery.go:96.38,97.3 0 0
com.github.yveskaufmann/hue-lighter/internal/hue_client/discovery.go:101.2,102.12 2 0
com.github.yveskaufmann/hue-lighter/internal/hue_client/discovery.go:102.12,103.70 1 0
com.github.yveskaufmann/hue-lighter/internal/hue_client/discovery.go:103.70,104.31 1 0
com.github.yveskaufmann/hue-lighter/internal/hue_client/discovery.go:104.31,106.5 1 0
com.github.yveskaufmann/hue-lighter/internal/hue_client/discovery.go:110.2,110.9 1 0
com.github.yveskaufmann/hue-lighter/internal/hue_client/discovery.go:111.20,113.45 2 0
com.github.yveskaufmann/hue-lighter/internal/hue_client/discovery.go:114.25,115.19 1 0
com.github.yveskaufmann/hue-lighter/internal/hue_client/discovery.go:115.19,116.27 1 0
com.github.yveskaufmann/hue-lighter/internal/hue_client/discovery.go:116.27,117.24 1 0
com.github.yveskaufmann/hue-lighter/internal/hue_client/discovery.go:117.24,119.6 1 0
com.github.yveskaufmann/hue-lighter/internal/hue_client/discovery.go:124.2,124.16 1 0
com.github.yveskaufmann/hue-lighter/internal/hue_client/discovery.go:127.98,129.16 2 0
com.github.yveskaufmann/hue-lighter/internal/hue_client/discovery.go:129.16,131.3 1 0
com.github.yveskaufmann/hue-lighter/internal/hue_client/discovery.go:132.2,133.28 2 0
com.github.yveskaufmann/hue-lighter/internal/hue_client/discovery.go:133.28,139.3 1 0
com.github.yveskaufmann/hue-lighter/internal/hue_client/discovery.go:140.2,140.31 1 0
com.github.yveskaufmann/hue-lighter/internal/hue_client/discovery.go:143.100,146.16 2 0
com.github.yveskaufmann/hue-lighter/internal/hue_client/discovery.go:146.16,148.3 1 0
com.github.yveskaufmann/hue-lighter/internal/hue_client/discovery.go:150.2,152.38 2 0
com.github.yveskaufmann/hue-lighter/internal/hue_client/discovery.go:152.38,154.3 1 0
com.github.yveskaufmann/hue-lighter/internal/hue_client/discovery.go:156.2,159.48 3 0
com.github.yveskaufmann/hue-lighter/internal/hue_client/discovery.go:159.48,161.3 1 0
com.github.yveskaufmann/hue-lighter/internal/hue_client/discovery.go:163.2,163.20 1 0
com.github.yveskaufmann/hue-lighter/internal/hue_client/discovery.go:166.96,170.16 3 0
com.github.yveskaufmann/hue-lighter/internal/hue_client/discovery.go:170.16,172.3 1 0
com.github.yveskaufmann/hue-lighter/internal/hue_client/discovery.go:173.2,173.38 1 0
com.github.yveskaufmann/hue-lighter/internal/hue_client/discovery.go:173.38,175.3 1 0
com.github.yveskaufmann/hue-lighter/internal/hue_client/discovery.go:177.2,181.48 4 0
com.github.yveskaufmann/hue-lighter/internal/hue_client/discovery.go:181.48,183.3 1 0
com.github.yveskaufmann/hue-lighter/internal/hue_client/discovery.go:185.2,185.21 1 0
com.github.yveskaufmann/hue-lighter/internal/hue_client/light.go:8.53,11.16 3 1
com.github.yveskaufmann/hue-lighter/internal/hue_client/light.go:11.16,13.3 1 1
com.github.yveskaufmann/hue-lighter/internal/hue_client/light.go:14.2,14.21 1 1
com.github.yveskaufmann/hue-lighter/internal/hue_client/light.go:17.69,20.16 3 1
com.github.yveskaufmann/hue-lighter/internal/hue_client/light.go:20.16,22.3 1 1
com.github.yveskaufmann/hue-lighter/internal/hue_client/light.go:24.2,24.28 1 1
com.github.yveskaufmann/hue-lighter/internal/hue_client/light.go:24.28,26.3 1 1
com.github.yveskaufmann/hue-lighter/internal/hue_client/light.go:28.2,28.27 1 1
com.github.yveskaufmann/hue-lighter/internal/hue_client/light.go:28.27,30.3 1 1
com.github.yveskaufmann/hue-lighter/internal/hue_client/light.go:31.2,31.29 1 1
com.github.yveskaufmann/hue-lighter/internal/hue_client/light.go:34.107,37.16 3 1
com.github.yveskaufmann/hue-lighter/internal/hue_client/light.go:37.16,39.3 1 1
com.github.yveskaufmann/hue-lighter/internal/hue_client/light.go:41.2,41.37 1 1
com.github.yveskaufmann/hue-lighter/internal/hue_client/light.go:41.37,43.3 1 1
com.github.yveskaufmann/hue-lighter/internal/hue_client/light.go:45.2,45.36 1 1
com.github.yveskaufmann/hue-lighter/internal/hue_client/light.go:45.36,47.3 1 1
com.github.yveskaufmann/hue-lighter/internal/hue_client/light.go:49.2,49.38 1 1
com.github.yveskaufmann/hue-lighter/internal/hue_client/light.go:52.51,60.2 3 1
com.github.yveskaufmann/hue-lighter/internal/hue_client/light.go:62.52,70.2 3 1
com.github.yveskaufmann/hue-lighter/internal/hue_client/register.go:25.54,27.2 1 0
com.github.yveskaufmann/hue-lighter/internal/hue_client/register.go:29.54,30.20 1 0
com.github.yveskaufmann/hue-lighter/internal/hue_client/register.go:30.20,32.3 1 0
com.github.yveskaufmann/hue-lighter/internal/hue_client/register.go:33.2,33.69 1 0
com.github.yveskaufmann/hue-lighter/internal/hue_client/register.go:36.83,45.16 4 0
com.github.yveskaufmann/hue-lighter/internal/hue_client/register.go:45.16,47.3 1 0
com.github.yveskaufmann/hue-lighter/internal/hue_client/register.go:49.2,49.22 1 0
com.github.yveskaufmann/hue-lighter/internal/hue_client/register.go:52.43,54.2 1 0
com.github.yveskaufmann/hue-lighter/internal/hue_client/tls.go:24.80,26.16 2 1
com.github.yveskaufmann/hue-lighter/internal/hue_client/tls.go:26.16,28.3 1 1
com.github.yveskaufmann/hue-lighter/internal/hue_client/tls.go:30.2,31.16 2 1
com.github.yveskaufmann/hue-lighter/internal/hue_client/tls.go:31.16,33.3 1 0
com.github.yveskaufmann/hue-lighter/internal/hue_client/tls.go:35.2,35.62 1 1
com.github.yveskaufmann/hue-lighter/internal/hue_client/tls.go:35.62,37.3 1 1
com.github.yveskaufmann/hue-lighter/internal/hue_client/tls.go:40.2,50.20 3 1
com.github.yveskaufmann/hue-lighter/internal/hue_client/tls.go:56.44,58.20 2 0
com.github.yveskaufmann/hue-lighter/internal/hue_client/tls.go:58.20,60.3 1 0
com.github.yveskaufmann/hue-lighter/internal/hue_client/tls.go:62.2,62.45 1 0
com.github.yveskaufmann/hue-lighter/internal/hue_client/tls.go:62.45,63.25 1 0
com.github.yveskaufmann/hue-lighter/internal/hue_client/tls.go:63.25,72.4 1 0
com.github.yveskaufmann/hue-lighter/internal/hue_client/tls.go:73.3,73.76 1 0
com.github.yveskaufmann/hue-lighter/internal/hue_client/tls.go:76.2,76.22 1 0
com.github.yveskaufmann/hue-lighter/internal/hue_client/tls.go:82.104,99.77 1 1
com.github.yveskaufmann/hue-lighter/internal/hue_client/tls.go:99.77,101.25 1 0
com.github.yveskaufmann/hue-lighter/internal/hue_client/tls.go:101.25,103.4 1 0
com.github.yveskaufmann/hue-lighter/internal/hue_client/tls.go:105.3,106.17 2 0
com.github.yveskaufmann/hue-lighter/internal/hue_client/tls.go:106.17,108.4 1 0
com.github.yveskaufmann/hue-lighter/internal/hue_client/tls.go:111.3,115.35 2 0
com.github.yveskaufmann/hue-lighter/internal/hue_client/tls.go:115.35,116.55 1 0
com.github.yveskaufmann/hue-lighter/internal/hue_client/tls.go:116.55,118.5 1 0
com.github.yveskaufmann/hue-lighter/internal/hue_client/tls.go:120.3,120.46 1 0
com.github.yveskaufmann/hue-lighter/internal/hue_client/tls.go:120.46,122.4 1 0
com.github.yveskaufmann/hue-lighter/internal/hue_client/tls.go:124.3,124.29 1 0
com.github.yveskaufmann/hue-lighter/internal/hue_client/tls.go:124.29,126.39 2 0
com.github.yveskaufmann/hue-lighter/internal/hue_client/tls.go:126.39,127.35 1 0
com.github.yveskaufmann/hue-lighter/internal/hue_client/tls.go:127.35,129.11 2 0
com.github.yveskaufmann/hue-lighter/internal/hue_client/tls.go:132.4,132.14 1 0
com.github.yveskaufmann/hue-lighter/internal/hue_client/tls.go:132.14,134.5 1 0
com.github.yveskaufmann/hue-lighter/internal/hue_client/tls.go:135.9,135.43 1 0
com.github.yveskaufmann/hue-lighter/internal/hue_client/tls.go:135.43,136.53 1 0
com.github.yveskaufmann/hue-lighter/internal/hue_client/tls.go:136.53,138.5 1 0
com.github.yveskaufmann/hue-lighter/internal/hue_client/tls.go:139.9,141.4 1 0
com.github.yveskaufmann/hue-lighter/internal/hue_client/tls.go:142.3,142.13 1 0
